{
  "RSpec": {
    "coverage": {
      "/Users/adamlomas/apps/rspec_tutorials/projects/messages/config/environment.rb": [
        null,
        1,
        null,
        null,
        1
      ],
      "/Users/adamlomas/apps/rspec_tutorials/projects/messages/config/application.rb": [
        1,
        null,
        1,
        null,
        null,
        null,
        1,
        null,
        1,
        1,
        null,
        null,
        null,
        null,
        null,
        null,
        null,
        null,
        null,
        null,
        null,
        null,
        null,
        1,
        null,
        null
      ],
      "/Users/adamlomas/apps/rspec_tutorials/projects/messages/config/boot.rb": [
        null,
        1,
        null,
        1
      ],
      "/Users/adamlomas/apps/rspec_tutorials/projects/messages/config/environments/test.rb": [
        1,
        null,
        null,
        null,
        null,
        null,
        null,
        1,
        null,
        null,
        null,
        null,
        1,
        null,
        null,
        1,
        1,
        null,
        null,
        1,
        1,
        null,
        null,
        1,
        null,
        null,
        1,
        null,
        null,
        null,
        null,
        1,
        null,
        null,
        1,
        null,
        null,
        null,
        null
      ],
      "/Users/adamlomas/apps/rspec_tutorials/projects/messages/config/initializers/assets.rb": [
        null,
        null,
        null,
        1,
        null,
        null,
        null,
        null
      ],
      "/Users/adamlomas/apps/rspec_tutorials/projects/messages/config/initializers/backtrace_silencers.rb": [
        null,
        null,
        null,
        null,
        null,
        null,
        null
      ],
      "/Users/adamlomas/apps/rspec_tutorials/projects/messages/config/initializers/cookies_serializer.rb": [
        null,
        null,
        1
      ],
      "/Users/adamlomas/apps/rspec_tutorials/projects/messages/config/initializers/filter_parameter_logging.rb": [
        null,
        null,
        null,
        1
      ],
      "/Users/adamlomas/apps/rspec_tutorials/projects/messages/config/initializers/inflections.rb": [
        null,
        null,
        null,
        null,
        null,
        null,
        null,
        null,
        null,
        null,
        null,
        null,
        null,
        null,
        null,
        null
      ],
      "/Users/adamlomas/apps/rspec_tutorials/projects/messages/config/initializers/mime_types.rb": [
        null,
        null,
        null,
        null
      ],
      "/Users/adamlomas/apps/rspec_tutorials/projects/messages/config/initializers/session_store.rb": [
        null,
        null,
        1
      ],
      "/Users/adamlomas/apps/rspec_tutorials/projects/messages/config/initializers/wrap_parameters.rb": [
        null,
        null,
        null,
        null,
        null,
        null,
        1,
        1,
        null,
        null,
        null,
        null,
        null,
        null
      ],
      "/Users/adamlomas/apps/rspec_tutorials/projects/messages/config/routes.rb": [
        1,
        1,
        null,
        null,
        null,
        null,
        null,
        null,
        null,
        null,
        null,
        null,
        null,
        null,
        null,
        null,
        null,
        null,
        null,
        null,
        null,
        null,
        null,
        null,
        null,
        null,
        null,
        null,
        null,
        null,
        null,
        null,
        null,
        null,
        null,
        null,
        null,
        null,
        null,
        null,
        null,
        null,
        null,
        null,
        null,
        null,
        null,
        null,
        null,
        null,
        null,
        null,
        null,
        null,
        null,
        null,
        null
      ],
      "/Users/adamlomas/apps/rspec_tutorials/projects/messages/app/helpers/application_helper.rb": [
        1,
        1,
        2,
        null,
        null
      ],
      "/Users/adamlomas/apps/rspec_tutorials/projects/messages/app/controllers/application_controller.rb": [
        1,
        null,
        null,
        1,
        1,
        null,
        1,
        null,
        1,
        1,
        null,
        null
      ],
      "/Users/adamlomas/apps/rspec_tutorials/projects/messages/lib/access_denied.rb": [
        1,
        null
      ],
      "/Users/adamlomas/apps/rspec_tutorials/projects/messages/spec/controllers/messages_controller_spec.rb": [
        1,
        null,
        1,
        1,
        6,
        2,
        1,
        5,
        null,
        null,
        1,
        1,
        1,
        null,
        null,
        null,
        null,
        null,
        null,
        null,
        null,
        1,
        1,
        2,
        null,
        null,
        1,
        1,
        1,
        null,
        null,
        1,
        1,
        1,
        null,
        null,
        null,
        null,
        1,
        1,
        2,
        null,
        null,
        1,
        1,
        1,
        null,
        1,
        1,
        1,
        null,
        null,
        null,
        null,
        null
      ],
      "/Users/adamlomas/apps/rspec_tutorials/projects/messages/app/controllers/messages_controller.rb": [
        1,
        1,
        5,
        5,
        3,
        3,
        null,
        2,
        null,
        null,
        null,
        1,
        null,
        1,
        5,
        null,
        null
      ],
      "/Users/adamlomas/apps/rspec_tutorials/projects/messages/spec/helpers/application_helper_spec.rb": [
        1,
        null,
        1,
        1,
        1,
        1,
        1,
        1,
        2,
        1,
        null,
        null,
        null,
        1,
        1,
        1,
        1,
        1,
        1,
        null,
        null,
        null,
        null
      ],
      "/Users/adamlomas/apps/rspec_tutorials/projects/messages/spec/models/message_spec.rb": [
        1,
        null,
        1,
        1,
        4,
        null,
        1,
        1,
        null,
        null,
        1,
        1,
        1,
        null,
        null,
        1,
        1,
        1,
        null,
        null,
        1,
        1,
        1,
        null,
        null
      ],
      "/Users/adamlomas/apps/rspec_tutorials/projects/messages/app/models/message.rb": [
        1,
        1,
        1,
        null
      ],
      "/Users/adamlomas/apps/rspec_tutorials/projects/messages/spec/models/subscription_spec.rb": [
        1,
        null,
        1,
        null,
        1,
        2,
        2,
        2,
        2,
        null,
        null,
        1,
        null,
        1,
        1,
        1,
        1,
        1,
        1,
        null,
        null,
        null,
        null,
        1,
        1,
        1,
        1,
        1,
        1,
        null,
        null,
        null,
        null
      ],
      "/Users/adamlomas/apps/rspec_tutorials/projects/messages/app/models/subscription.rb": [
        1,
        1,
        null,
        1,
        2,
        2,
        null,
        null
      ],
      "/Users/adamlomas/apps/rspec_tutorials/projects/messages/spec/models/user_spec.rb": [
        1,
        null,
        1,
        null,
        1,
        null,
        1,
        4,
        4,
        null,
        null,
        1,
        null,
        1,
        3,
        3,
        null,
        null,
        1,
        1,
        1,
        null,
        null,
        1,
        1,
        1,
        1,
        null,
        null,
        1,
        1,
        1,
        null,
        null,
        null,
        1,
        1,
        1,
        1,
        null,
        null,
        1,
        1,
        1,
        null,
        null,
        null,
        null,
        null
      ],
      "/Users/adamlomas/apps/rspec_tutorials/projects/messages/app/models/user.rb": [
        1,
        1,
        1,
        1,
        null,
        1,
        4,
        3,
        null,
        null,
        null
      ],
      "/Users/adamlomas/apps/rspec_tutorials/projects/messages/spec/views/messages/new.html.erb_spec.rb": [
        1,
        null,
        1,
        1,
        3,
        null,
        null,
        1,
        3,
        null,
        null,
        1,
        1,
        1,
        1,
        null,
        null,
        1,
        1,
        1,
        1,
        null,
        null,
        1,
        1,
        1,
        null,
        1,
        null,
        null,
        null,
        null
      ],
      "/Users/adamlomas/apps/rspec_tutorials/projects/messages/spec/views/messages/show.html.erb_spec.rb": [
        1,
        null,
        1,
        1,
        1,
        1,
        1,
        null,
        null
      ]
    },
    "timestamp": 1413757106
  }
}
